<?xml version="1.0" encoding="UTF-8"?>
<testsuites>
  <testsuite name="/var/lib/jenkins/workspace/UNA-Pipe/tests/phpunit.xml" tests="67" assertions="113" errors="0" failures="0" skipped="0" time="0.555231">
    <testsuite name="AllTests" tests="67" assertions="113" errors="0" failures="0" skipped="0" time="0.555231">
      <testsuite name="UtilTest" file="/var/lib/jenkins/workspace/UNA-Pipe/tests/units/inc/UtilTest.php" tests="33" assertions="33" errors="0" failures="0" skipped="0" time="0.020730">
        <testsuite name="UtilTest::testClearXssAdmin" tests="2" assertions="2" errors="0" failures="0" skipped="0" time="0.016516">
          <testcase name="testClearXssAdmin with data set #0" file="/var/lib/jenkins/workspace/UNA-Pipe/tests/units/inc/UtilTest.php" line="12" class="UtilTest" classname="UtilTest" assertions="1" time="0.015869"/>
          <testcase name="testClearXssAdmin with data set #1" file="/var/lib/jenkins/workspace/UNA-Pipe/tests/units/inc/UtilTest.php" line="12" class="UtilTest" classname="UtilTest" assertions="1" time="0.000646"/>
        </testsuite>
        <testsuite name="UtilTest::testClearXssNotAdmin" tests="2" assertions="2" errors="0" failures="0" skipped="0" time="0.001191">
          <testcase name="testClearXssNotAdmin with data set #0" file="/var/lib/jenkins/workspace/UNA-Pipe/tests/units/inc/UtilTest.php" line="24" class="UtilTest" classname="UtilTest" assertions="1" time="0.000609"/>
          <testcase name="testClearXssNotAdmin with data set #1" file="/var/lib/jenkins/workspace/UNA-Pipe/tests/units/inc/UtilTest.php" line="24" class="UtilTest" classname="UtilTest" assertions="1" time="0.000582"/>
        </testsuite>
        <testsuite name="UtilTest::testReturnBytes" tests="6" assertions="6" errors="0" failures="0" skipped="0" time="0.000509">
          <testcase name="testReturnBytes with data set #0" file="/var/lib/jenkins/workspace/UNA-Pipe/tests/units/inc/UtilTest.php" line="71" class="UtilTest" classname="UtilTest" assertions="1" time="0.000096"/>
          <testcase name="testReturnBytes with data set #1" file="/var/lib/jenkins/workspace/UNA-Pipe/tests/units/inc/UtilTest.php" line="71" class="UtilTest" classname="UtilTest" assertions="1" time="0.000086"/>
          <testcase name="testReturnBytes with data set #2" file="/var/lib/jenkins/workspace/UNA-Pipe/tests/units/inc/UtilTest.php" line="71" class="UtilTest" classname="UtilTest" assertions="1" time="0.000083"/>
          <testcase name="testReturnBytes with data set #3" file="/var/lib/jenkins/workspace/UNA-Pipe/tests/units/inc/UtilTest.php" line="71" class="UtilTest" classname="UtilTest" assertions="1" time="0.000083"/>
          <testcase name="testReturnBytes with data set #4" file="/var/lib/jenkins/workspace/UNA-Pipe/tests/units/inc/UtilTest.php" line="71" class="UtilTest" classname="UtilTest" assertions="1" time="0.000081"/>
          <testcase name="testReturnBytes with data set #5" file="/var/lib/jenkins/workspace/UNA-Pipe/tests/units/inc/UtilTest.php" line="71" class="UtilTest" classname="UtilTest" assertions="1" time="0.000080"/>
        </testsuite>
        <testsuite name="UtilTest::testTitleToUri" tests="6" assertions="6" errors="0" failures="0" skipped="0" time="0.000475">
          <testcase name="testTitleToUri with data set #0" file="/var/lib/jenkins/workspace/UNA-Pipe/tests/units/inc/UtilTest.php" line="92" class="UtilTest" classname="UtilTest" assertions="1" time="0.000082"/>
          <testcase name="testTitleToUri with data set #1" file="/var/lib/jenkins/workspace/UNA-Pipe/tests/units/inc/UtilTest.php" line="92" class="UtilTest" classname="UtilTest" assertions="1" time="0.000079"/>
          <testcase name="testTitleToUri with data set #2" file="/var/lib/jenkins/workspace/UNA-Pipe/tests/units/inc/UtilTest.php" line="92" class="UtilTest" classname="UtilTest" assertions="1" time="0.000080"/>
          <testcase name="testTitleToUri with data set #3" file="/var/lib/jenkins/workspace/UNA-Pipe/tests/units/inc/UtilTest.php" line="92" class="UtilTest" classname="UtilTest" assertions="1" time="0.000080"/>
          <testcase name="testTitleToUri with data set #4" file="/var/lib/jenkins/workspace/UNA-Pipe/tests/units/inc/UtilTest.php" line="92" class="UtilTest" classname="UtilTest" assertions="1" time="0.000078"/>
          <testcase name="testTitleToUri with data set #5" file="/var/lib/jenkins/workspace/UNA-Pipe/tests/units/inc/UtilTest.php" line="92" class="UtilTest" classname="UtilTest" assertions="1" time="0.000077"/>
        </testsuite>
        <testsuite name="UtilTest::testUriToTitle" tests="6" assertions="6" errors="0" failures="0" skipped="0" time="0.000470">
          <testcase name="testUriToTitle with data set #0" file="/var/lib/jenkins/workspace/UNA-Pipe/tests/units/inc/UtilTest.php" line="112" class="UtilTest" classname="UtilTest" assertions="1" time="0.000080"/>
          <testcase name="testUriToTitle with data set #1" file="/var/lib/jenkins/workspace/UNA-Pipe/tests/units/inc/UtilTest.php" line="112" class="UtilTest" classname="UtilTest" assertions="1" time="0.000079"/>
          <testcase name="testUriToTitle with data set #2" file="/var/lib/jenkins/workspace/UNA-Pipe/tests/units/inc/UtilTest.php" line="112" class="UtilTest" classname="UtilTest" assertions="1" time="0.000077"/>
          <testcase name="testUriToTitle with data set #3" file="/var/lib/jenkins/workspace/UNA-Pipe/tests/units/inc/UtilTest.php" line="112" class="UtilTest" classname="UtilTest" assertions="1" time="0.000078"/>
          <testcase name="testUriToTitle with data set #4" file="/var/lib/jenkins/workspace/UNA-Pipe/tests/units/inc/UtilTest.php" line="112" class="UtilTest" classname="UtilTest" assertions="1" time="0.000078"/>
          <testcase name="testUriToTitle with data set #5" file="/var/lib/jenkins/workspace/UNA-Pipe/tests/units/inc/UtilTest.php" line="112" class="UtilTest" classname="UtilTest" assertions="1" time="0.000078"/>
        </testsuite>
        <testsuite name="UtilTest::testBxIsSerialized" tests="5" assertions="5" errors="0" failures="0" skipped="0" time="0.000486">
          <testcase name="testBxIsSerialized with data set #0" file="/var/lib/jenkins/workspace/UNA-Pipe/tests/units/inc/UtilTest.php" line="132" class="UtilTest" classname="UtilTest" assertions="1" time="0.000083"/>
          <testcase name="testBxIsSerialized with data set #1" file="/var/lib/jenkins/workspace/UNA-Pipe/tests/units/inc/UtilTest.php" line="132" class="UtilTest" classname="UtilTest" assertions="1" time="0.000131"/>
          <testcase name="testBxIsSerialized with data set #2" file="/var/lib/jenkins/workspace/UNA-Pipe/tests/units/inc/UtilTest.php" line="132" class="UtilTest" classname="UtilTest" assertions="1" time="0.000085"/>
          <testcase name="testBxIsSerialized with data set #3" file="/var/lib/jenkins/workspace/UNA-Pipe/tests/units/inc/UtilTest.php" line="132" class="UtilTest" classname="UtilTest" assertions="1" time="0.000080"/>
          <testcase name="testBxIsSerialized with data set #4" file="/var/lib/jenkins/workspace/UNA-Pipe/tests/units/inc/UtilTest.php" line="132" class="UtilTest" classname="UtilTest" assertions="1" time="0.000107"/>
        </testsuite>
        <testsuite name="UtilTest::testBxProcessOutputHtml" tests="5" assertions="5" errors="0" failures="0" skipped="0" time="0.000990">
          <testcase name="testBxProcessOutputHtml with data set #0" file="/var/lib/jenkins/workspace/UNA-Pipe/tests/units/inc/UtilTest.php" line="151" class="UtilTest" classname="UtilTest" assertions="1" time="0.000371"/>
          <testcase name="testBxProcessOutputHtml with data set #1" file="/var/lib/jenkins/workspace/UNA-Pipe/tests/units/inc/UtilTest.php" line="151" class="UtilTest" classname="UtilTest" assertions="1" time="0.000157"/>
          <testcase name="testBxProcessOutputHtml with data set #2" file="/var/lib/jenkins/workspace/UNA-Pipe/tests/units/inc/UtilTest.php" line="151" class="UtilTest" classname="UtilTest" assertions="1" time="0.000145"/>
          <testcase name="testBxProcessOutputHtml with data set #3" file="/var/lib/jenkins/workspace/UNA-Pipe/tests/units/inc/UtilTest.php" line="151" class="UtilTest" classname="UtilTest" assertions="1" time="0.000145"/>
          <testcase name="testBxProcessOutputHtml with data set #4" file="/var/lib/jenkins/workspace/UNA-Pipe/tests/units/inc/UtilTest.php" line="151" class="UtilTest" classname="UtilTest" assertions="1" time="0.000171"/>
        </testsuite>
        <testsuite name="UtilTest::testBxProcessOutputText" tests="1" assertions="1" errors="0" failures="0" skipped="0" time="0.000093">
          <testcase name="testBxProcessOutputText with data set #0" file="/var/lib/jenkins/workspace/UNA-Pipe/tests/units/inc/UtilTest.php" line="170" class="UtilTest" classname="UtilTest" assertions="1" time="0.000093"/>
        </testsuite>
      </testsuite>
      <testsuite name="BxDolDbTest" file="/var/lib/jenkins/workspace/UNA-Pipe/tests/units/inc/classes/BxDolDbTest.php" tests="12" assertions="12" errors="0" failures="0" skipped="0" time="0.001061">
        <testsuite name="BxDolDbTest::testIsValidFieldName" tests="12" assertions="12" errors="0" failures="0" skipped="0" time="0.001061">
          <testcase name="testIsValidFieldName with data set #0" file="/var/lib/jenkins/workspace/UNA-Pipe/tests/units/inc/classes/BxDolDbTest.php" line="11" class="BxDolDbTest" classname="BxDolDbTest" assertions="1" time="0.000101"/>
          <testcase name="testIsValidFieldName with data set #1" file="/var/lib/jenkins/workspace/UNA-Pipe/tests/units/inc/classes/BxDolDbTest.php" line="11" class="BxDolDbTest" classname="BxDolDbTest" assertions="1" time="0.000104"/>
          <testcase name="testIsValidFieldName with data set #2" file="/var/lib/jenkins/workspace/UNA-Pipe/tests/units/inc/classes/BxDolDbTest.php" line="11" class="BxDolDbTest" classname="BxDolDbTest" assertions="1" time="0.000106"/>
          <testcase name="testIsValidFieldName with data set #3" file="/var/lib/jenkins/workspace/UNA-Pipe/tests/units/inc/classes/BxDolDbTest.php" line="11" class="BxDolDbTest" classname="BxDolDbTest" assertions="1" time="0.000088"/>
          <testcase name="testIsValidFieldName with data set #4" file="/var/lib/jenkins/workspace/UNA-Pipe/tests/units/inc/classes/BxDolDbTest.php" line="11" class="BxDolDbTest" classname="BxDolDbTest" assertions="1" time="0.000085"/>
          <testcase name="testIsValidFieldName with data set #5" file="/var/lib/jenkins/workspace/UNA-Pipe/tests/units/inc/classes/BxDolDbTest.php" line="11" class="BxDolDbTest" classname="BxDolDbTest" assertions="1" time="0.000082"/>
          <testcase name="testIsValidFieldName with data set #6" file="/var/lib/jenkins/workspace/UNA-Pipe/tests/units/inc/classes/BxDolDbTest.php" line="11" class="BxDolDbTest" classname="BxDolDbTest" assertions="1" time="0.000084"/>
          <testcase name="testIsValidFieldName with data set #7" file="/var/lib/jenkins/workspace/UNA-Pipe/tests/units/inc/classes/BxDolDbTest.php" line="11" class="BxDolDbTest" classname="BxDolDbTest" assertions="1" time="0.000083"/>
          <testcase name="testIsValidFieldName with data set #8" file="/var/lib/jenkins/workspace/UNA-Pipe/tests/units/inc/classes/BxDolDbTest.php" line="11" class="BxDolDbTest" classname="BxDolDbTest" assertions="1" time="0.000083"/>
          <testcase name="testIsValidFieldName with data set #9" file="/var/lib/jenkins/workspace/UNA-Pipe/tests/units/inc/classes/BxDolDbTest.php" line="11" class="BxDolDbTest" classname="BxDolDbTest" assertions="1" time="0.000082"/>
          <testcase name="testIsValidFieldName with data set #10" file="/var/lib/jenkins/workspace/UNA-Pipe/tests/units/inc/classes/BxDolDbTest.php" line="11" class="BxDolDbTest" classname="BxDolDbTest" assertions="1" time="0.000081"/>
          <testcase name="testIsValidFieldName with data set #11" file="/var/lib/jenkins/workspace/UNA-Pipe/tests/units/inc/classes/BxDolDbTest.php" line="11" class="BxDolDbTest" classname="BxDolDbTest" assertions="1" time="0.000083"/>
        </testsuite>
      </testsuite>
      <testsuite name="BxAntispamDNSBlacklistsTest" file="/var/lib/jenkins/workspace/UNA-Pipe/tests/units/modules/boonex/antispam/classes/BxAntispamDNSBlacklistsTest.php" tests="1" assertions="1" errors="0" failures="0" skipped="0" time="0.005215">
        <testsuite name="BxAntispamDNSBlacklistsTest::test_dnsbl_lookup_ip" tests="1" assertions="1" errors="0" failures="0" skipped="0" time="0.005215">
          <testcase name="test_dnsbl_lookup_ip with data set #0" file="/var/lib/jenkins/workspace/UNA-Pipe/tests/units/modules/boonex/antispam/classes/BxAntispamDNSBlacklistsTest.php" line="37" class="BxAntispamDNSBlacklistsTest" classname="BxAntispamDNSBlacklistsTest" assertions="1" time="0.005215"/>
        </testsuite>
      </testsuite>
      <testsuite name="BxAntispamDNSURIBlacklistsTest" file="/var/lib/jenkins/workspace/UNA-Pipe/tests/units/modules/boonex/antispam/classes/BxAntispamDNSURIBlacklistsTest.php" tests="4" assertions="4" errors="0" failures="0" skipped="0" time="0.393437">
        <testsuite name="BxAntispamDNSURIBlacklistsTest::testIsSpam" tests="4" assertions="4" errors="0" failures="0" skipped="0" time="0.393437">
          <testcase name="testIsSpam with data set #0" file="/var/lib/jenkins/workspace/UNA-Pipe/tests/units/modules/boonex/antispam/classes/BxAntispamDNSURIBlacklistsTest.php" line="45" class="BxAntispamDNSURIBlacklistsTest" classname="BxAntispamDNSURIBlacklistsTest" assertions="1" time="0.312918"/>
          <testcase name="testIsSpam with data set #1" file="/var/lib/jenkins/workspace/UNA-Pipe/tests/units/modules/boonex/antispam/classes/BxAntispamDNSURIBlacklistsTest.php" line="45" class="BxAntispamDNSURIBlacklistsTest" classname="BxAntispamDNSURIBlacklistsTest" assertions="1" time="0.076329"/>
          <testcase name="testIsSpam with data set #2" file="/var/lib/jenkins/workspace/UNA-Pipe/tests/units/modules/boonex/antispam/classes/BxAntispamDNSURIBlacklistsTest.php" line="45" class="BxAntispamDNSURIBlacklistsTest" classname="BxAntispamDNSURIBlacklistsTest" assertions="1" time="0.002482"/>
          <testcase name="testIsSpam with data set #3" file="/var/lib/jenkins/workspace/UNA-Pipe/tests/units/modules/boonex/antispam/classes/BxAntispamDNSURIBlacklistsTest.php" line="45" class="BxAntispamDNSURIBlacklistsTest" classname="BxAntispamDNSURIBlacklistsTest" assertions="1" time="0.001708"/>
        </testsuite>
      </testsuite>
      <testsuite name="BxAntispamModuleTest" file="/var/lib/jenkins/workspace/UNA-Pipe/tests/units/modules/boonex/antispam/classes/BxAntispamModuleTest.php" tests="17" assertions="63" errors="0" failures="0" skipped="0" time="0.134789">
        <testsuite name="BxAntispamModuleTest::testServiceIsSpam" tests="1" assertions="4" errors="0" failures="0" skipped="0" time="0.006425">
          <testcase name="testServiceIsSpam with data set #0" file="/var/lib/jenkins/workspace/UNA-Pipe/tests/units/modules/boonex/antispam/classes/BxAntispamModuleTest.php" line="64" class="BxAntispamModuleTest" classname="BxAntispamModuleTest" assertions="4" time="0.006425"/>
        </testsuite>
        <testsuite name="BxAntispamModuleTest::testServiceCheckJoin" tests="5" assertions="30" errors="0" failures="0" skipped="0" time="0.065391">
          <testcase name="testServiceCheckJoin with data set #0" file="/var/lib/jenkins/workspace/UNA-Pipe/tests/units/modules/boonex/antispam/classes/BxAntispamModuleTest.php" line="120" class="BxAntispamModuleTest" classname="BxAntispamModuleTest" assertions="6" time="0.015467"/>
          <testcase name="testServiceCheckJoin with data set #1" file="/var/lib/jenkins/workspace/UNA-Pipe/tests/units/modules/boonex/antispam/classes/BxAntispamModuleTest.php" line="120" class="BxAntispamModuleTest" classname="BxAntispamModuleTest" assertions="6" time="0.010977"/>
          <testcase name="testServiceCheckJoin with data set #2" file="/var/lib/jenkins/workspace/UNA-Pipe/tests/units/modules/boonex/antispam/classes/BxAntispamModuleTest.php" line="120" class="BxAntispamModuleTest" classname="BxAntispamModuleTest" assertions="6" time="0.012051"/>
          <testcase name="testServiceCheckJoin with data set #3" file="/var/lib/jenkins/workspace/UNA-Pipe/tests/units/modules/boonex/antispam/classes/BxAntispamModuleTest.php" line="120" class="BxAntispamModuleTest" classname="BxAntispamModuleTest" assertions="6" time="0.012096"/>
          <testcase name="testServiceCheckJoin with data set #4" file="/var/lib/jenkins/workspace/UNA-Pipe/tests/units/modules/boonex/antispam/classes/BxAntispamModuleTest.php" line="120" class="BxAntispamModuleTest" classname="BxAntispamModuleTest" assertions="6" time="0.014800"/>
        </testsuite>
        <testsuite name="BxAntispamModuleTest::testServiceCheckLogin" tests="5" assertions="15" errors="0" failures="0" skipped="0" time="0.056773">
          <testcase name="testServiceCheckLogin with data set #0" file="/var/lib/jenkins/workspace/UNA-Pipe/tests/units/modules/boonex/antispam/classes/BxAntispamModuleTest.php" line="191" class="BxAntispamModuleTest" classname="BxAntispamModuleTest" assertions="3" time="0.014625"/>
          <testcase name="testServiceCheckLogin with data set #1" file="/var/lib/jenkins/workspace/UNA-Pipe/tests/units/modules/boonex/antispam/classes/BxAntispamModuleTest.php" line="191" class="BxAntispamModuleTest" classname="BxAntispamModuleTest" assertions="3" time="0.010441"/>
          <testcase name="testServiceCheckLogin with data set #2" file="/var/lib/jenkins/workspace/UNA-Pipe/tests/units/modules/boonex/antispam/classes/BxAntispamModuleTest.php" line="191" class="BxAntispamModuleTest" classname="BxAntispamModuleTest" assertions="3" time="0.009427"/>
          <testcase name="testServiceCheckLogin with data set #3" file="/var/lib/jenkins/workspace/UNA-Pipe/tests/units/modules/boonex/antispam/classes/BxAntispamModuleTest.php" line="191" class="BxAntispamModuleTest" classname="BxAntispamModuleTest" assertions="3" time="0.011009"/>
          <testcase name="testServiceCheckLogin with data set #4" file="/var/lib/jenkins/workspace/UNA-Pipe/tests/units/modules/boonex/antispam/classes/BxAntispamModuleTest.php" line="191" class="BxAntispamModuleTest" classname="BxAntispamModuleTest" assertions="3" time="0.011271"/>
        </testsuite>
        <testsuite name="BxAntispamModuleTest::testServiceIsIpDnsBlacklisted" tests="2" assertions="8" errors="0" failures="0" skipped="0" time="0.002972">
          <testcase name="testServiceIsIpDnsBlacklisted with data set #0" file="/var/lib/jenkins/workspace/UNA-Pipe/tests/units/modules/boonex/antispam/classes/BxAntispamModuleTest.php" line="233" class="BxAntispamModuleTest" classname="BxAntispamModuleTest" assertions="4" time="0.002033"/>
          <testcase name="testServiceIsIpDnsBlacklisted with data set #1" file="/var/lib/jenkins/workspace/UNA-Pipe/tests/units/modules/boonex/antispam/classes/BxAntispamModuleTest.php" line="233" class="BxAntispamModuleTest" classname="BxAntispamModuleTest" assertions="4" time="0.000939"/>
        </testsuite>
        <testcase name="testServiceIsIpDnsBlacklistedWhenIpIsWhiletisted" file="/var/lib/jenkins/workspace/UNA-Pipe/tests/units/modules/boonex/antispam/classes/BxAntispamModuleTest.php" line="260" class="BxAntispamModuleTest" classname="BxAntispamModuleTest" assertions="3" time="0.000851"/>
        <testcase name="testServiceIsIpWhitelisted" file="/var/lib/jenkins/workspace/UNA-Pipe/tests/units/modules/boonex/antispam/classes/BxAntispamModuleTest.php" line="269" class="BxAntispamModuleTest" classname="BxAntispamModuleTest" assertions="1" time="0.000771"/>
        <testcase name="testServiceIsIpBlocked" file="/var/lib/jenkins/workspace/UNA-Pipe/tests/units/modules/boonex/antispam/classes/BxAntispamModuleTest.php" line="276" class="BxAntispamModuleTest" classname="BxAntispamModuleTest" assertions="1" time="0.000775"/>
        <testcase name="testServiceBlockIp" file="/var/lib/jenkins/workspace/UNA-Pipe/tests/units/modules/boonex/antispam/classes/BxAntispamModuleTest.php" line="283" class="BxAntispamModuleTest" classname="BxAntispamModuleTest" assertions="1" time="0.000829"/>
      </testsuite>
    </testsuite>
  </testsuite>
</testsuites>
